{
  "RSpec": {
    "coverage": {
      "/Users/bernardog/Github/tutask/app/controllers/home_controller.rb": [
        1,
        1,
        null,
        null
      ],
      "/Users/bernardog/Github/tutask/app/controllers/application_controller.rb": [
        1,
        null,
        null,
        1,
        null
      ],
      "/Users/bernardog/Github/tutask/app/models/answer.rb": [
        1,
        1,
        1,
        null
      ],
      "/Users/bernardog/Github/tutask/app/models/comment.rb": [
        1,
        1,
        1,
        null
      ],
      "/Users/bernardog/Github/tutask/app/models/post.rb": [
        1,
        1,
        null,
        null
      ],
      "/Users/bernardog/Github/tutask/app/models/project.rb": [
        1,
        1,
        null,
        null,
        1,
        1,
        1,
        1,
        null
      ],
      "/Users/bernardog/Github/tutask/app/models/question.rb": [
        1,
        1,
        1,
        null
      ],
      "/Users/bernardog/Github/tutask/app/models/task.rb": [
        1,
        1,
        null,
        1,
        1,
        null
      ],
      "/Users/bernardog/Github/tutask/app/models/topic.rb": [
        1,
        1,
        1,
        1,
        null
      ],
      "/Users/bernardog/Github/tutask/app/controllers/projects_controller.rb": [
        1,
        1,
        null,
        null,
        null,
        1,
        2,
        null,
        null,
        null,
        null,
        1,
        null,
        null,
        null,
        1,
        2,
        null,
        null,
        null,
        1,
        null,
        null,
        null,
        null,
        1,
        2,
        2,
        2,
        2,
        1,
        null,
        2,
        1,
        null,
        null,
        null,
        null,
        null,
        null,
        1,
        2,
        2,
        2,
        1,
        null,
        2,
        1,
        null,
        null,
        null,
        null,
        null,
        null,
        1,
        1,
        1,
        2,
        1,
        null,
        null,
        null,
        1,
        null,
        1,
        8,
        null,
        null,
        null,
        1,
        4,
        null,
        null
      ],
      "/Users/bernardog/Github/tutask/app/controllers/tasks_controller.rb": [
        1,
        1,
        null,
        null,
        null,
        1,
        2,
        2,
        null,
        null,
        null,
        null,
        1,
        3,
        null,
        null,
        null,
        1,
        2,
        2,
        null,
        null,
        null,
        1,
        2,
        null,
        null,
        null,
        null,
        1,
        2,
        2,
        null,
        2,
        2,
        2,
        1,
        null,
        2,
        1,
        null,
        null,
        null,
        null,
        null,
        null,
        1,
        2,
        2,
        2,
        2,
        1,
        null,
        2,
        1,
        null,
        null,
        null,
        null,
        null,
        null,
        1,
        1,
        1,
        2,
        1,
        null,
        null,
        null,
        1,
        null,
        1,
        8,
        null,
        null,
        null,
        1,
        4,
        null,
        null
      ],
      "/Users/bernardog/Github/tutask/app/controllers/topics_controller.rb": [
        1,
        1,
        null,
        null,
        null,
        1,
        3,
        3,
        null,
        null,
        null,
        null,
        1,
        6,
        6,
        null,
        null,
        null,
        1,
        3,
        3,
        null,
        null,
        null,
        1,
        3,
        null,
        null,
        null,
        null,
        1,
        3,
        3,
        null,
        3,
        3,
        2,
        1,
        null,
        4,
        2,
        null,
        null,
        null,
        null,
        null,
        null,
        1,
        3,
        3,
        3,
        2,
        1,
        null,
        4,
        2,
        null,
        null,
        null,
        null,
        null,
        null,
        1,
        1,
        1,
        1,
        2,
        1,
        null,
        null,
        null,
        1,
        null,
        1,
        13,
        null,
        null,
        null,
        1,
        6,
        null,
        null
      ],
      "/Users/bernardog/Github/tutask/app/controllers/comments_controller.rb": [
        1,
        1,
        null,
        1,
        1,
        1,
        1,
        null,
        1,
        1,
        null,
        null,
        null,
        1,
        null,
        1,
        1,
        null,
        null
      ]
    },
    "timestamp": 1385349239
  }
}
