{
  "RSpec": {
    "coverage": {
      "/Users/bernardog/Workspace/Rails/4Soft/tutasks/app/controllers/projects_controller.rb": [
        1,
        1,
        null,
        null,
        null,
        1,
        2,
        null,
        null,
        null,
        null,
        1,
        null,
        null,
        null,
        1,
        1,
        null,
        null,
        null,
        1,
        null,
        null,
        null,
        null,
        1,
        3,
        null,
        2,
        2,
        4,
        2,
        null,
        0,
        0,
        null,
        null,
        null,
        null,
        null,
        null,
        1,
        5,
        5,
        0,
        0,
        null,
        0,
        0,
        null,
        null,
        null,
        null,
        null,
        null,
        1,
        2,
        2,
        4,
        2,
        null,
        null,
        null,
        1,
        null,
        1,
        9,
        null,
        null,
        null,
        1,
        8,
        null,
        null
      ],
      "/Users/bernardog/Workspace/Rails/4Soft/tutasks/app/controllers/application_controller.rb": [
        1,
        null,
        null,
        1,
        null
      ],
      "/Users/bernardog/Workspace/Rails/4Soft/tutasks/app/models/answer.rb": [
        1,
        1,
        1,
        null
      ],
      "/Users/bernardog/Workspace/Rails/4Soft/tutasks/app/models/comment.rb": [
        1,
        1,
        1,
        null
      ],
      "/Users/bernardog/Workspace/Rails/4Soft/tutasks/app/models/post.rb": [
        1,
        1,
        null,
        null
      ],
      "/Users/bernardog/Workspace/Rails/4Soft/tutasks/app/models/project.rb": [
        1,
        1,
        null,
        null,
        1,
        1,
        1,
        null
      ],
      "/Users/bernardog/Workspace/Rails/4Soft/tutasks/app/models/question.rb": [
        1,
        1,
        1,
        null
      ],
      "/Users/bernardog/Workspace/Rails/4Soft/tutasks/app/models/task.rb": [
        1,
        1,
        null,
        1,
        1,
        null
      ],
      "/Users/bernardog/Workspace/Rails/4Soft/tutasks/app/models/topic.rb": [
        1,
        1,
        1,
        null
      ]
    },
    "timestamp": 1384638621
  }
}
